Send POST https://api.jpush.cn/v3/push, body:{"platform":"all","audience":"all","notification":{"alert":"alert"},"message":{"msg_content":"Hello JPush"},"options":{"sendno":2034100441,"apns_production":false}}, times:1
Send POST https://api.jpush.cn/v3/push, body:{"platform":"all","audience":"all","notification":{"alert":"Hi, JPush"},"message":{"msg_content":"Hello JPush"},"options":{"sendno":1537736483,"apns_production":false}}, times:1
Send POST https://api.jpush.cn/v3/push, body:{"platform":"all","audience":"all","notification":{"alert":"Hi, JPush"},"message":{"msg_content":"Hello JPush"},"options":{"sendno":529638430,"apns_production":false}}, times:1
Send POST https://api.jpush.cn/v3/push, body:{"platform":"all","audience":{"tag":["witown"],"alias":["15858288163"]},"notification":{"alert":"Hi, JPush"},"message":{"msg_content":"Hello JPush"},"options":{"sendno":905472152,"apns_production":true}}, times:1
Send POST https://api.jpush.cn/v3/push, body:{"platform":"all","audience":{"tag":["witown"],"alias":["15858288163"]},"notification":{"alert":"Hi, JPush"},"message":{"msg_content":"Hello JPush"},"options":{"sendno":1301715693,"apns_production":true}}, times:1
Send POST https://api.jpush.cn/v3/push, body:{"platform":"all","audience":{"tag":["witown"],"alias":["zx"]},"notification":{"alert":"Hi, JPush"},"message":{"msg_content":"Hello JPush"},"options":{"sendno":463689716,"apns_production":true}}, times:1
Send POST https://api.jpush.cn/v3/push, body:{"platform":"all","audience":{"tag":["witown"],"alias":["15858288163"]},"notification":{"alert":"Hi, JPush"},"message":{"msg_content":"Hello JPush"},"options":{"sendno":1197638255,"apns_production":true}}, times:1
Send POST https://api.jpush.cn/v3/push, body:{"platform":"all","audience":{"tag":["witown"],"alias":["15858288163"]},"notification":{"alert":"Hi, JPush"},"message":{"msg_content":"Hello JPush"},"options":{"sendno":22815396,"apns_production":true}}, times:1
Send POST https://api.jpush.cn/v3/push, body:{"platform":"all","audience":{"tag":["witown"],"alias":["15858288163"]},"notification":{"alert":"Hi, JPush"},"message":{"msg_content":"Hello JPush"},"options":{"sendno":422163448,"apns_production":true}}, times:1
Send POST https://api.jpush.cn/v3/push, body:{"platform":"all","audience":{"tag":["witown"],"alias":["15858288163"]},"notification":{"alert":"Hi, JPush"},"message":{"msg_content":"Hello JPush"},"options":{"sendno":377951423,"apns_production":true}}, times:1
Send POST https://api.jpush.cn/v3/push, body:{"platform":"all","audience":{"tag":["witown"],"alias":["15858288163"]},"notification":{"alert":"Hi, JPush"},"message":{"msg_content":"Hello JPush"},"options":{"sendno":1503040465,"apns_production":true}}, times:1
Send POST https://api.jpush.cn/v3/push, body:{"platform":"all","audience":{"tag":["witown"],"alias":["15858288163"]},"notification":{"alert":"Hi, JPush"},"message":{"msg_content":"fdafdasfdas JPush"},"options":{"sendno":1107177156,"apns_production":true}}, times:1
Send POST https://api.jpush.cn/v3/push, body:{"platform":"all","audience":{"tag":["witown"],"alias":["15858288163"]},"notification":{"alert":"Hi, JPush"},"message":{"msg_content":"fdafdasfdas JPush"},"options":{"sendno":1107177156,"apns_production":true}}, times:1
Send POST https://api.jpush.cn/v3/push, body:{"platform":"all","audience":{"tag":["witown"],"alias":["zx"]},"notification":{"alert":"Hi, JPush"},"message":{"msg_content":"fdafdasfdas JPush"},"options":{"sendno":717037965,"apns_production":true}}, times:1
Send POST https://api.jpush.cn/v3/push, body:{"platform":"all","audience":"all","notification":{"alert":"Hi, JPush"},"message":{"msg_content":"fdafdasfdas JPush"},"options":{"sendno":16493515,"apns_production":true}}, times:1
Send POST https://api.jpush.cn/v3/push, body:{"platform":["android"],"audience":"all","notification":{"alert":"\u6d4b\u8bd5\u6781\u5149\u63a8\u9001"},"message":{"msg_content":"fdafdasfdas JPush"},"options":{"sendno":1328422200,"apns_production":true}}, times:1
Send POST https://api.jpush.cn/v3/push, body:{"platform":["android"],"audience":"all","notification":{"alert":"\u6d4b\u8bd5\u6781\u5149\u63a8\u9001"},"message":{"msg_content":"fdafdasfdas JPush"},"options":{"sendno":413172774,"apns_production":true}}, times:1
Send POST https://api.jpush.cn/v3/push, body:{"platform":["android"],"audience":"all","notification":{"alert":"\u6781\u5149\u63a8\u9001\u6d4b\u8bd5"},"message":{"msg_content":"fdafdasfdas JPush"},"options":{"sendno":1470295441,"apns_production":true}}, times:1
Send POST https://api.jpush.cn/v3/push, body:{"platform":["android"],"audience":"all","notification":{"alert":"\u6781\u5149\u63a8\u9001\u6d4b\u8bd5"},"message":{"msg_content":"fdafdasfdas JPush"},"options":{"sendno":1964888873,"apns_production":true}}, times:1
Send POST https://api.jpush.cn/v3/push, body:{"platform":["android"],"audience":"all","notification":{"alert":"\u6781\u5149\u63a8\u9001\u6d4b\u8bd5"},"message":{"msg_content":"fdafdasfdas JPush"},"options":{"sendno":89378778,"apns_production":true}}, times:1
Send POST https://api.jpush.cn/v3/push, body:{"platform":["android"],"audience":"all","notification":{"alert":"\u6781\u5149\u63a8\u9001\u6d4b\u8bd5"},"message":{"msg_content":"\u6781\u5149\u63a8\u9001\u6d4b\u8bd5"},"options":{"sendno":1247090736,"apns_production":true}}, times:1
Send POST https://api.jpush.cn/v3/push, body:{"platform":["android"],"audience":"all","notification":{"alert":"\u6781\u5149\u63a8\u9001\u6d4b\u8bd5"},"message":{"msg_content":"\u6781\u5149\u63a8\u9001\u6d4b\u8bd5"},"options":{"sendno":2093365458,"apns_production":true}}, times:1
Send POST https://api.jpush.cn/v3/push, body:{"platform":["android"],"audience":"all","notification":{"alert":"\u6781\u5149\u63a8\u9001\u6d4b\u8bd5"},"message":{"msg_content":"\u6781\u5149\u63a8\u9001\u6d4b\u8bd5"},"options":{"sendno":314271212,"apns_production":true}}, times:1
